1615655938662	geckodriver	INFO	Listening on 127.0.0.1:42753
1615655938665	mozrunner::runner	INFO	Running command: "/usr/bin/firefox" "--marionette" "-foreground" "-no-remote" "-profile" "/tmp/rust_mozprofilec6IUX4"
1615655941749	Marionette	INFO	Listening on port 39123
1615655941791	Marionette	WARN	TLS certificate errors will be ignored for this session
1615656519975	geckodriver	INFO	Listening on 127.0.0.1:35659
1615656519978	mozrunner::runner	INFO	Running command: "/usr/bin/firefox" "--marionette" "-foreground" "-no-remote" "-profile" "/tmp/rust_mozprofileI78npH"
1615656522111	Marionette	INFO	Listening on port 36175
1615656522184	Marionette	WARN	TLS certificate errors will be ignored for this session
1615656558302	geckodriver	INFO	Listening on 127.0.0.1:33865
1615656558305	mozrunner::runner	INFO	Running command: "/usr/bin/firefox" "--marionette" "-foreground" "-no-remote" "-profile" "/tmp/rust_mozprofileX1Pnle"
1615656560470	Marionette	INFO	Listening on port 37847
1615656560510	Marionette	WARN	TLS certificate errors will be ignored for this session
1615657664881	geckodriver	INFO	Listening on 127.0.0.1:34041
1615657664884	mozrunner::runner	INFO	Running command: "/usr/bin/firefox" "--marionette" "-foreground" "-no-remote" "-profile" "/tmp/rust_mozprofileILfQj4"
1615657667041	Marionette	INFO	Listening on port 37255
1615657667089	Marionette	WARN	TLS certificate errors will be ignored for this session
1615657691264	Marionette	INFO	Stopped listening on port 37255
1615659484907	geckodriver	INFO	Listening on 127.0.0.1:38793
1615659484919	mozrunner::runner	INFO	Running command: "/usr/bin/firefox" "--marionette" "-foreground" "-no-remote" "-profile" "/tmp/rust_mozprofile2Qfkzg"
1615659487296	Marionette	INFO	Listening on port 34843
1615659487327	Marionette	WARN	TLS certificate errors will be ignored for this session
1615659575048	geckodriver	INFO	Listening on 127.0.0.1:45979
1615659575051	mozrunner::runner	INFO	Running command: "/usr/bin/firefox" "--marionette" "-foreground" "-no-remote" "-profile" "/tmp/rust_mozprofilejajsDF"
1615659576980	Marionette	INFO	Listening on port 33457
1615659577117	Marionette	WARN	TLS certificate errors will be ignored for this session
1615659582031	Marionette	INFO	Stopped listening on port 34843
1615660261376	geckodriver	INFO	Listening on 127.0.0.1:56281
1615660261379	mozrunner::runner	INFO	Running command: "/usr/bin/firefox" "--marionette" "-foreground" "-no-remote" "-profile" "/tmp/rust_mozprofile60gHF7"
1615660263581	Marionette	INFO	Listening on port 34751
1615660263615	Marionette	WARN	TLS certificate errors will be ignored for this session
1615660265313	geckodriver	INFO	Listening on 127.0.0.1:41055
1615660265316	mozrunner::runner	INFO	Running command: "/usr/bin/firefox" "--marionette" "-foreground" "-no-remote" "-profile" "/tmp/rust_mozprofile1cObyx"
1615660267730	Marionette	INFO	Listening on port 45909
1615660267823	Marionette	WARN	TLS certificate errors will be ignored for this session
1615660467870	geckodriver	INFO	Listening on 127.0.0.1:60455
1615660468861	mozrunner::runner	INFO	Running command: "/usr/bin/firefox" "--marionette" "-foreground" "-no-remote" "-profile" "/tmp/rust_mozprofile2wnpZq"
1615660471674	Marionette	INFO	Listening on port 35589
1615660471767	Marionette	WARN	TLS certificate errors will be ignored for this session
1615660482445	Marionette	INFO	Stopped listening on port 36175
1615660482922	Marionette	INFO	Stopped listening on port 35589
1615660484478	Marionette	INFO	Stopped listening on port 39123
1615660497433	Marionette	INFO	Stopped listening on port 45909
1615660499434	Marionette	INFO	Stopped listening on port 34751
1615660503816	Marionette	INFO	Stopped listening on port 33457
1615660510885	Marionette	INFO	Stopped listening on port 37847
1615660517916	geckodriver	INFO	Listening on 127.0.0.1:60931
1615660517919	mozrunner::runner	INFO	Running command: "/usr/bin/firefox" "--marionette" "-foreground" "-no-remote" "-profile" "/tmp/rust_mozprofileN8WWjz"
1615660520091	Marionette	INFO	Listening on port 36189
1615660520123	Marionette	WARN	TLS certificate errors will be ignored for this session
1615660538627	Marionette	INFO	Stopped listening on port 36189
1615660571467	geckodriver	INFO	Listening on 127.0.0.1:48353
1615660571470	mozrunner::runner	INFO	Running command: "/usr/bin/firefox" "--marionette" "-foreground" "-no-remote" "-profile" "/tmp/rust_mozprofileEMWOCT"
1615660573571	Marionette	INFO	Listening on port 42469
1615660573579	Marionette	WARN	TLS certificate errors will be ignored for this session
1615660599902	geckodriver	INFO	Listening on 127.0.0.1:58051
1615660599905	mozrunner::runner	INFO	Running command: "/usr/bin/firefox" "--marionette" "-foreground" "-no-remote" "-profile" "/tmp/rust_mozprofileosnspP"
1615660602008	Marionette	INFO	Listening on port 43815
1615660602012	Marionette	WARN	TLS certificate errors will be ignored for this session
1615660674181	Marionette	INFO	Stopped listening on port 43815
1615660697044	geckodriver	INFO	Listening on 127.0.0.1:52243
1615660697047	mozrunner::runner	INFO	Running command: "/usr/bin/firefox" "--marionette" "-foreground" "-no-remote" "-profile" "/tmp/rust_mozprofile6JOuS9"
1615660699257	Marionette	INFO	Listening on port 46477
1615660699352	Marionette	WARN	TLS certificate errors will be ignored for this session
1615661195496	Marionette	INFO	Stopped listening on port 46477
1615661197554	Marionette	INFO	Stopped listening on port 42469
1615661697985	geckodriver	INFO	Listening on 127.0.0.1:59915
1615661697988	mozrunner::runner	INFO	Running command: "/usr/bin/firefox" "--marionette" "-foreground" "-no-remote" "-profile" "/tmp/rust_mozprofileiglwp8"
1615661700158	Marionette	INFO	Listening on port 39005
1615661700193	Marionette	WARN	TLS certificate errors will be ignored for this session
1615662044477	Marionette	INFO	Stopped listening on port 39005
1615662436090	geckodriver	INFO	Listening on 127.0.0.1:37625
1615662436093	mozrunner::runner	INFO	Running command: "/usr/bin/firefox" "--marionette" "-foreground" "-no-remote" "-profile" "/tmp/rust_mozprofilehNLsTO"
1615662438064	Marionette	INFO	Listening on port 35321
1615662438117	Marionette	WARN	TLS certificate errors will be ignored for this session
1615662480224	geckodriver	INFO	Listening on 127.0.0.1:58173
1615662480228	mozrunner::runner	INFO	Running command: "/usr/bin/firefox" "--marionette" "-foreground" "-no-remote" "-profile" "/tmp/rust_mozprofileNMryQS"
JavaScript error: resource://activity-stream/lib/PlacesFeed.jsm, line 244: NS_ERROR_ILLEGAL_VALUE: Component returned failure code: 0x80070057 (NS_ERROR_ILLEGAL_VALUE) [nsINavHistoryService.removeObserver]
console.error: Region.jsm: "Failed to fetch region" (new TypeError("NetworkError when attempting to fetch resource.", ""))
console.error: services.settings: 
  main/fxmonitor-breaches Signature failed  TypeError: NetworkError when attempting to fetch resource.
console.error: "Could not load engine bing@search.mozilla.org: TypeError: AddonManagerInternal._getProviderByName(...) is undefined"
console.error: "Could not load engine amazon@search.mozilla.org: TypeError: AddonManagerInternal._getProviderByName(...) is undefined"
console.error: "Could not load engine ddg@search.mozilla.org: TypeError: AddonManagerInternal._getProviderByName(...) is undefined"
console.error: "Could not load engine ebay@search.mozilla.org: TypeError: AddonManagerInternal._getProviderByName(...) is undefined"
console.error: "Could not load engine qwant@search.mozilla.org: TypeError: AddonManagerInternal._getProviderByName(...) is undefined"
JavaScript error: resource://gre/modules/DeferredTask.jsm, line 215: Error: Unable to arm timer, the object has been finalized.
JavaScript error: resource://gre/modules/AsyncShutdown.jsm, line 554: uncaught exception: 2147500036
JavaScript error: resource://gre/modules/AsyncShutdown.jsm, line 554: uncaught exception: 2147500036
JavaScript error: resource://gre/modules/AsyncShutdown.jsm, line 554: uncaught exception: 2147500036
JavaScript error: resource://gre/modules/AsyncShutdown.jsm, line 554: uncaught exception: 2147500036
JavaScript error: resource://gre/modules/AsyncShutdown.jsm, line 554: uncaught exception: 2147500036
JavaScript error: resource://gre/modules/AsyncShutdown.jsm, line 554: uncaught exception: 2147500036
1615662485638	Marionette	INFO	Stopped listening on port 35321
1615662493130	geckodriver	INFO	Listening on 127.0.0.1:38409
1615662493132	mozrunner::runner	INFO	Running command: "/usr/bin/firefox" "--marionette" "-foreground" "-no-remote" "-profile" "/tmp/rust_mozprofile6zQ9TK"
1615662495339	Marionette	INFO	Listening on port 39247
1615662495437	Marionette	WARN	TLS certificate errors will be ignored for this session
1615662535265	Marionette	INFO	Stopped listening on port 39247
1615662685382	geckodriver	INFO	Listening on 127.0.0.1:44303
1615662685385	mozrunner::runner	INFO	Running command: "/usr/bin/firefox" "--marionette" "-foreground" "-no-remote" "-profile" "/tmp/rust_mozprofiletGvRqi"
1615662687652	Marionette	INFO	Listening on port 41661
1615662687694	Marionette	WARN	TLS certificate errors will be ignored for this session
1615662689317	geckodriver	INFO	Listening on 127.0.0.1:36649
1615662689320	mozrunner::runner	INFO	Running command: "/usr/bin/firefox" "--marionette" "-foreground" "-no-remote" "-profile" "/tmp/rust_mozprofileuy5KU7"
1615662691615	Marionette	INFO	Listening on port 45987
1615662691630	Marionette	WARN	TLS certificate errors will be ignored for this session
1615662710123	Marionette	INFO	Stopped listening on port 45987
1615662716963	Marionette	INFO	Stopped listening on port 41661
1615662884157	geckodriver	INFO	Listening on 127.0.0.1:34783
1615662884159	mozrunner::runner	INFO	Running command: "/usr/bin/firefox" "--marionette" "-foreground" "-no-remote" "-profile" "/tmp/rust_mozprofileGP3k3k"
1615662886372	Marionette	INFO	Listening on port 39555
1615662886465	Marionette	WARN	TLS certificate errors will be ignored for this session
1615662908637	Marionette	INFO	Stopped listening on port 39555
1615663589290	geckodriver	INFO	Listening on 127.0.0.1:51029
1615663589293	mozrunner::runner	INFO	Running command: "/usr/bin/firefox" "--marionette" "-foreground" "-no-remote" "-profile" "/tmp/rust_mozprofilekx4Iya"
1615663591596	Marionette	INFO	Listening on port 32897
1615663591604	Marionette	WARN	TLS certificate errors will be ignored for this session
1615663593713	Marionette	INFO	Stopped listening on port 32897
1615663822500	geckodriver	INFO	Listening on 127.0.0.1:49491
1615663822503	mozrunner::runner	INFO	Running command: "/usr/bin/firefox" "--marionette" "-foreground" "-no-remote" "-profile" "/tmp/rust_mozprofilenTW8wy"
1615663824670	Marionette	INFO	Listening on port 39619
1615663824707	Marionette	WARN	TLS certificate errors will be ignored for this session
1615663850718	Marionette	INFO	Stopped listening on port 39619
1615664002813	geckodriver	INFO	Listening on 127.0.0.1:39281
1615664002816	mozrunner::runner	INFO	Running command: "/usr/bin/firefox" "--marionette" "-foreground" "-no-remote" "-profile" "/tmp/rust_mozprofile5rjwoO"
1615664005058	Marionette	INFO	Listening on port 34087
1615664005120	Marionette	WARN	TLS certificate errors will be ignored for this session
1615664016189	Marionette	INFO	Stopped listening on port 34087
1615664061849	geckodriver	INFO	Listening on 127.0.0.1:34987
1615664061852	mozrunner::runner	INFO	Running command: "/usr/bin/firefox" "--marionette" "-foreground" "-no-remote" "-profile" "/tmp/rust_mozprofileug1BJy"
1615664064208	Marionette	INFO	Listening on port 43801
1615664064257	Marionette	WARN	TLS certificate errors will be ignored for this session
Exiting due to channel error.
Exiting due to channel error.
Exiting due to channel error.
1615664309314	geckodriver	INFO	Listening on 127.0.0.1:59533
1615664309317	mozrunner::runner	INFO	Running command: "/usr/bin/firefox" "--marionette" "-foreground" "-no-remote" "-profile" "/tmp/rust_mozprofile9HVvbL"
1615664311563	Marionette	INFO	Listening on port 33735
1615664311634	Marionette	WARN	TLS certificate errors will be ignored for this session
Exiting due to channel error.
1615664664315	geckodriver	INFO	Listening on 127.0.0.1:43773
1615664664318	mozrunner::runner	INFO	Running command: "/usr/bin/firefox" "--marionette" "-foreground" "-no-remote" "-profile" "/tmp/rust_mozprofilecwYprz"
1615664666463	Marionette	INFO	Listening on port 34703
1615664666522	Marionette	WARN	TLS certificate errors will be ignored for this session
1615664678868	Marionette	INFO	Stopped listening on port 34703
1615664790977	geckodriver	INFO	Listening on 127.0.0.1:57735
1615664790980	mozrunner::runner	INFO	Running command: "/usr/bin/firefox" "--marionette" "-foreground" "-no-remote" "-profile" "/tmp/rust_mozprofilezBSIq6"
1615664793083	Marionette	INFO	Listening on port 42611
1615664793185	Marionette	WARN	TLS certificate errors will be ignored for this session
1615664813222	Marionette	INFO	Stopped listening on port 42611
1615664900795	geckodriver	INFO	Listening on 127.0.0.1:35769
1615664900799	mozrunner::runner	INFO	Running command: "/usr/bin/firefox" "--marionette" "-foreground" "-no-remote" "-profile" "/tmp/rust_mozprofilePy6j1N"
1615664903102	Marionette	INFO	Listening on port 46519
1615664903111	Marionette	WARN	TLS certificate errors will be ignored for this session
1615664923200	Marionette	INFO	Stopped listening on port 46519
1615665079593	geckodriver	INFO	Listening on 127.0.0.1:43315
1615665079596	mozrunner::runner	INFO	Running command: "/usr/bin/firefox" "--marionette" "-foreground" "-no-remote" "-profile" "/tmp/rust_mozprofile6qKZBi"
1615665081882	Marionette	INFO	Listening on port 38979
1615665081900	Marionette	WARN	TLS certificate errors will be ignored for this session
1615665102624	Marionette	INFO	Stopped listening on port 38979
1615674928110	geckodriver	INFO	Listening on 127.0.0.1:58701
1615674929045	mozrunner::runner	INFO	Running command: "/usr/bin/firefox" "--marionette" "-foreground" "-no-remote" "-profile" "/tmp/rust_mozprofiled7m45Y"
1615674931849	Marionette	INFO	Listening on port 42335
1615674931861	Marionette	WARN	TLS certificate errors will be ignored for this session
1615674963368	Marionette	INFO	Stopped listening on port 42335
1624893092124	geckodriver	INFO	Listening on 127.0.0.1:56233
1624893093079	mozrunner::runner	INFO	Running command: "/usr/bin/firefox" "--marionette" "-foreground" "-no-remote" "-profile" "/tmp/rust_mozprofileTfxucv"
1624893095568	Marionette	INFO	Listening on port 45127
1624893095593	Marionette	WARN	TLS certificate errors will be ignored for this session
1624893119848	Marionette	INFO	Stopped listening on port 45127
1624893157472	geckodriver	INFO	Listening on 127.0.0.1:42225
1624893157475	mozrunner::runner	INFO	Running command: "/usr/bin/firefox" "--marionette" "-foreground" "-no-remote" "-profile" "/tmp/rust_mozprofileifzsAW"
1624893159562	Marionette	INFO	Listening on port 37793
1624893159582	Marionette	WARN	TLS certificate errors will be ignored for this session
1624893172520	Marionette	INFO	Stopped listening on port 37793
1624893213197	geckodriver	INFO	Listening on 127.0.0.1:52241
1624893213200	mozrunner::runner	INFO	Running command: "/usr/bin/firefox" "--marionette" "-foreground" "-no-remote" "-profile" "/tmp/rust_mozprofileJbbSCr"
1624893215221	Marionette	INFO	Listening on port 39279
1624893215320	Marionette	WARN	TLS certificate errors will be ignored for this session
1624893226253	Marionette	INFO	Stopped listening on port 39279
1624893253883	geckodriver	INFO	Listening on 127.0.0.1:43273
1624893253886	mozrunner::runner	INFO	Running command: "/usr/bin/firefox" "--marionette" "-foreground" "-no-remote" "-profile" "/tmp/rust_mozprofilenv2Mfq"
1624893255515	Marionette	INFO	Listening on port 41889
1624893255765	Marionette	WARN	TLS certificate errors will be ignored for this session
1624893256271	Marionette	INFO	Stopped listening on port 41889
JavaScript error: resource://gre/modules/UrlClassifierListManager.jsm, line 691: TypeError: this.tablesData[table] is undefined
1624893299198	geckodriver	INFO	Listening on 127.0.0.1:37207
1624893299201	mozrunner::runner	INFO	Running command: "/usr/bin/firefox" "--marionette" "-foreground" "-no-remote" "-profile" "/tmp/rust_mozprofileHv5jMP"
1624893301215	Marionette	INFO	Listening on port 34197
1624893301306	Marionette	WARN	TLS certificate errors will be ignored for this session
1624893305436	Marionette	INFO	Stopped listening on port 34197

###!!! [Parent][MessageChannel] Error: (msgtype=0xB000E,name=PBackgroundIDBDatabase::Msg_CloseAfterInvalidationComplete) Channel error: cannot send/recv

1624893405215	geckodriver	INFO	Listening on 127.0.0.1:55235
1624893405218	mozrunner::runner	INFO	Running command: "/usr/bin/firefox" "--marionette" "-foreground" "-no-remote" "-profile" "/tmp/rust_mozprofilemN6h4p"
1624893407333	Marionette	INFO	Listening on port 33601
1624893407423	Marionette	WARN	TLS certificate errors will be ignored for this session
1624893411753	Marionette	INFO	Stopped listening on port 33601
1624893453989	geckodriver	INFO	Listening on 127.0.0.1:44139
1624893453992	mozrunner::runner	INFO	Running command: "/usr/bin/firefox" "--marionette" "-foreground" "-no-remote" "-profile" "/tmp/rust_mozprofilev8uu2B"
1624893456109	Marionette	INFO	Listening on port 46185
1624893456197	Marionette	WARN	TLS certificate errors will be ignored for this session
1624893490597	Marionette	INFO	Stopped listening on port 46185
1624893945503	geckodriver	INFO	Listening on 127.0.0.1:52359
1624893945506	mozrunner::runner	INFO	Running command: "/usr/bin/firefox" "--marionette" "-foreground" "-no-remote" "-profile" "/tmp/rust_mozprofileF4Bcw3"
1624893947720	Marionette	INFO	Listening on port 36127
1624893947811	Marionette	WARN	TLS certificate errors will be ignored for this session
1624893955010	Marionette	INFO	Stopped listening on port 36127

###!!! [Parent][MessageChannel] Error: (msgtype=0xB000E,name=PBackgroundIDBDatabase::Msg_CloseAfterInvalidationComplete) Channel error: cannot send/recv

1624894011195	geckodriver	INFO	Listening on 127.0.0.1:36047
1624894011198	mozrunner::runner	INFO	Running command: "/usr/bin/firefox" "--marionette" "-foreground" "-no-remote" "-profile" "/tmp/rust_mozprofileqR1dqj"
1624894013355	Marionette	INFO	Listening on port 34425
1624894013404	Marionette	WARN	TLS certificate errors will be ignored for this session
1624894020944	Marionette	INFO	Stopped listening on port 34425
1624894334339	geckodriver	INFO	Listening on 127.0.0.1:34533
1624894334342	mozrunner::runner	INFO	Running command: "/usr/bin/firefox" "--marionette" "-foreground" "-no-remote" "-profile" "/tmp/rust_mozprofilexMwMg3"
1624894336383	Marionette	INFO	Listening on port 44775
1624894336449	Marionette	WARN	TLS certificate errors will be ignored for this session
1624894343840	Marionette	INFO	Stopped listening on port 44775
1624894451863	geckodriver	INFO	Listening on 127.0.0.1:54847
1624894451866	mozrunner::runner	INFO	Running command: "/usr/bin/firefox" "--marionette" "-foreground" "-no-remote" "-profile" "/tmp/rust_mozprofileZv6xQB"
1624894453941	Marionette	INFO	Listening on port 37019
1624894453978	Marionette	WARN	TLS certificate errors will be ignored for this session
1624894461367	Marionette	INFO	Stopped listening on port 37019
1624894488708	geckodriver	INFO	Listening on 127.0.0.1:34425
1624894488711	mozrunner::runner	INFO	Running command: "/usr/bin/firefox" "--marionette" "-foreground" "-no-remote" "-profile" "/tmp/rust_mozprofileANI6H6"
1624894490768	Marionette	INFO	Listening on port 44779
1624894490816	Marionette	WARN	TLS certificate errors will be ignored for this session
1624894512191	Marionette	INFO	Stopped listening on port 44779
1624894598460	geckodriver	INFO	Listening on 127.0.0.1:44641
1624894598463	mozrunner::runner	INFO	Running command: "/usr/bin/firefox" "--marionette" "-foreground" "-no-remote" "-profile" "/tmp/rust_mozprofile2frpBR"
1624894600630	Marionette	INFO	Listening on port 33321
1624894600668	Marionette	WARN	TLS certificate errors will be ignored for this session
1624894618027	Marionette	INFO	Stopped listening on port 33321
1624894665598	geckodriver	INFO	Listening on 127.0.0.1:58631
1624894665601	mozrunner::runner	INFO	Running command: "/usr/bin/firefox" "--marionette" "-foreground" "-no-remote" "-profile" "/tmp/rust_mozprofileSJcria"
1624894667689	Marionette	INFO	Listening on port 40515
1624894667708	Marionette	WARN	TLS certificate errors will be ignored for this session
1624894685273	Marionette	INFO	Stopped listening on port 40515
1624894813930	geckodriver	INFO	Listening on 127.0.0.1:52403
1624894813934	mozrunner::runner	INFO	Running command: "/usr/bin/firefox" "--marionette" "-foreground" "-no-remote" "-profile" "/tmp/rust_mozprofileOKaDUm"
1624894815946	Marionette	INFO	Listening on port 35567
1624894816039	Marionette	WARN	TLS certificate errors will be ignored for this session
1624894826457	Marionette	INFO	Stopped listening on port 35567
1624895189282	geckodriver	INFO	Listening on 127.0.0.1:59487
1624895189285	mozrunner::runner	INFO	Running command: "/usr/bin/firefox" "--marionette" "-foreground" "-no-remote" "-profile" "/tmp/rust_mozprofileEXyl4R"
1624895191399	Marionette	INFO	Listening on port 37219
1624895191492	Marionette	WARN	TLS certificate errors will be ignored for this session
1624895222329	Marionette	INFO	Stopped listening on port 37219
1624895783652	geckodriver	INFO	Listening on 127.0.0.1:60751
1624895783672	mozrunner::runner	INFO	Running command: "/usr/bin/firefox" "--marionette" "-foreground" "-no-remote" "-profile" "/tmp/rust_mozprofile2QpKCV"
1624895786847	Marionette	INFO	Listening on port 40501
1624895786879	Marionette	WARN	TLS certificate errors will be ignored for this session
1624895813436	Marionette	INFO	Stopped listening on port 40501
1624896197911	geckodriver	INFO	Listening on 127.0.0.1:46557
1624896197914	mozrunner::runner	INFO	Running command: "/usr/bin/firefox" "--marionette" "-foreground" "-no-remote" "-profile" "/tmp/rust_mozprofileSI7u3V"
1624896200183	Marionette	INFO	Listening on port 40695
1624896200219	Marionette	WARN	TLS certificate errors will be ignored for this session
1624896226834	Marionette	INFO	Stopped listening on port 40695

###!!! [Parent][MessageChannel] Error: (msgtype=0xB000E,name=PBackgroundIDBDatabase::Msg_CloseAfterInvalidationComplete) Channel error: cannot send/recv

1624897079597	geckodriver	INFO	Listening on 127.0.0.1:50151
1624897079600	mozrunner::runner	INFO	Running command: "/usr/bin/firefox" "--marionette" "-foreground" "-no-remote" "-profile" "/tmp/rust_mozprofileqn06Es"
1624897081798	Marionette	INFO	Listening on port 40075
1624897081809	Marionette	WARN	TLS certificate errors will be ignored for this session
1624897082780	Marionette	INFO	Stopped listening on port 40075
1624897289792	geckodriver	INFO	Listening on 127.0.0.1:43221
1624897289795	mozrunner::runner	INFO	Running command: "/usr/bin/firefox" "--marionette" "-foreground" "-no-remote" "-profile" "/tmp/rust_mozprofilesExbj2"
1624897292071	Marionette	INFO	Listening on port 39045
1624897292101	Marionette	WARN	TLS certificate errors will be ignored for this session
1624897318880	Marionette	INFO	Stopped listening on port 39045
1624905563961	geckodriver	INFO	Listening on 127.0.0.1:48361
1624905564952	mozrunner::runner	INFO	Running command: "/usr/bin/firefox" "--marionette" "-foreground" "-no-remote" "-profile" "/tmp/rust_mozprofilenBcMjz"
1624905568136	Marionette	INFO	Listening on port 34327
1624905568166	Marionette	WARN	TLS certificate errors will be ignored for this session
1624905580609	Marionette	INFO	Stopped listening on port 34327
1625067138907	geckodriver	INFO	Listening on 127.0.0.1:58995
1625067139860	mozrunner::runner	INFO	Running command: "/usr/bin/firefox" "--marionette" "-foreground" "-no-remote" "-profile" "/tmp/rust_mozprofileiWFnsd"
1625067142396	Marionette	INFO	Listening on port 45727
1625067142477	Marionette	WARN	TLS certificate errors will be ignored for this session
1625067147091	Marionette	INFO	Stopped listening on port 45727
1625067155904	geckodriver	INFO	Listening on 127.0.0.1:52691
1625067155906	mozrunner::runner	INFO	Running command: "/usr/bin/firefox" "--marionette" "-foreground" "-no-remote" "-profile" "/tmp/rust_mozprofileV8kV88"
1625067158200	Marionette	INFO	Listening on port 39669
1625067158214	Marionette	WARN	TLS certificate errors will be ignored for this session
1625067162440	geckodriver	INFO	Listening on 127.0.0.1:40297
1625067162444	mozrunner::runner	INFO	Running command: "/usr/bin/firefox" "--marionette" "-foreground" "-no-remote" "-profile" "/tmp/rust_mozprofilejWPFEm"
1625067164557	Marionette	INFO	Listening on port 34819
1625067164650	Marionette	WARN	TLS certificate errors will be ignored for this session
1625067168914	Marionette	INFO	Stopped listening on port 34819
1625067174958	Marionette	INFO	Stopped listening on port 39669
1625067809946	geckodriver	INFO	Listening on 127.0.0.1:34093
1625067809949	mozrunner::runner	INFO	Running command: "/usr/bin/firefox" "--marionette" "-foreground" "-no-remote" "-profile" "/tmp/rust_mozprofileA4C1K1"
1625067812033	Marionette	INFO	Listening on port 42983
1625067812054	Marionette	WARN	TLS certificate errors will be ignored for this session
1625067821706	Marionette	INFO	Stopped listening on port 42983
1625068251610	geckodriver	INFO	Listening on 127.0.0.1:56933
1625068251613	mozrunner::runner	INFO	Running command: "/usr/bin/firefox" "--marionette" "-foreground" "-no-remote" "-profile" "/tmp/rust_mozprofilekR22TT"
1625068253739	Marionette	INFO	Listening on port 42973
1625068253819	Marionette	WARN	TLS certificate errors will be ignored for this session
1625068254326	geckodriver	INFO	Listening on 127.0.0.1:39327
1625068254330	mozrunner::runner	INFO	Running command: "/usr/bin/firefox" "--marionette" "-foreground" "-no-remote" "-profile" "/tmp/rust_mozprofilesxf6SG"
1625068256513	Marionette	INFO	Listening on port 33153
1625068256558	Marionette	WARN	TLS certificate errors will be ignored for this session
1625068257025	Marionette	INFO	Stopped listening on port 33153
1625068302624	Marionette	INFO	Stopped listening on port 42973
1625068320034	geckodriver	INFO	Listening on 127.0.0.1:45543
1625068320037	mozrunner::runner	INFO	Running command: "/usr/bin/firefox" "--marionette" "-foreground" "-no-remote" "-profile" "/tmp/rust_mozprofilerbVbpz"
1625068322205	Marionette	INFO	Listening on port 46155
1625068322242	Marionette	WARN	TLS certificate errors will be ignored for this session
1625068326555	geckodriver	INFO	Listening on 127.0.0.1:35147
1625068326573	mozrunner::runner	INFO	Running command: "/usr/bin/firefox" "--marionette" "-foreground" "-no-remote" "-profile" "/tmp/rust_mozprofilewRgAJy"
1625068328725	Marionette	INFO	Listening on port 36553
1625068328786	Marionette	WARN	TLS certificate errors will be ignored for this session
1625068333815	Marionette	INFO	Stopped listening on port 36553
1625068334379	Marionette	INFO	Stopped listening on port 46155
1625068363425	geckodriver	INFO	Listening on 127.0.0.1:60123
1625068363428	mozrunner::runner	INFO	Running command: "/usr/bin/firefox" "--marionette" "-foreground" "-no-remote" "-profile" "/tmp/rust_mozprofileq6HMTS"
1625068365502	Marionette	INFO	Listening on port 39497
1625068365533	Marionette	WARN	TLS certificate errors will be ignored for this session
1625068369844	geckodriver	INFO	Listening on 127.0.0.1:50641
1625068369847	mozrunner::runner	INFO	Running command: "/usr/bin/firefox" "--marionette" "-foreground" "-no-remote" "-profile" "/tmp/rust_mozprofilez7zWLD"
1625068372022	Marionette	INFO	Listening on port 38575
1625068372052	Marionette	WARN	TLS certificate errors will be ignored for this session
1625068381676	Marionette	INFO	Stopped listening on port 38575
1625068391050	Marionette	INFO	Stopped listening on port 39497
1625068418419	geckodriver	INFO	Listening on 127.0.0.1:46825
1625068418422	mozrunner::runner	INFO	Running command: "/usr/bin/firefox" "--marionette" "-foreground" "-no-remote" "-profile" "/tmp/rust_mozprofileLA61tP"
1625068420589	Marionette	INFO	Listening on port 36083
1625068420627	Marionette	WARN	TLS certificate errors will be ignored for this session
1625068430257	Marionette	INFO	Stopped listening on port 36083
1625068500934	geckodriver	INFO	Listening on 127.0.0.1:53485
1625068500937	mozrunner::runner	INFO	Running command: "/usr/bin/firefox" "--marionette" "-foreground" "-no-remote" "-profile" "/tmp/rust_mozprofileTrLmmX"
1625068503110	Marionette	INFO	Listening on port 39647
1625068503144	Marionette	WARN	TLS certificate errors will be ignored for this session
1625068508794	Marionette	INFO	Stopped listening on port 39647
1625068580092	geckodriver	INFO	Listening on 127.0.0.1:42419
1625068580095	mozrunner::runner	INFO	Running command: "/usr/bin/firefox" "--marionette" "-foreground" "-no-remote" "-profile" "/tmp/rust_mozprofileULGGQW"
1625068582174	Marionette	INFO	Listening on port 43347
1625068582210	Marionette	WARN	TLS certificate errors will be ignored for this session
1625068587104	Marionette	INFO	Stopped listening on port 43347
1625068593988	geckodriver	INFO	Listening on 127.0.0.1:59269
1625068593991	mozrunner::runner	INFO	Running command: "/usr/bin/firefox" "--marionette" "-foreground" "-no-remote" "-profile" "/tmp/rust_mozprofileVsrRaQ"
1625068596011	Marionette	INFO	Listening on port 46679
1625068596095	Marionette	WARN	TLS certificate errors will be ignored for this session
1625068620733	Marionette	INFO	Stopped listening on port 46679
1625068742483	geckodriver	INFO	Listening on 127.0.0.1:54577
1625068742486	mozrunner::runner	INFO	Running command: "/usr/bin/firefox" "--marionette" "-foreground" "-no-remote" "-profile" "/tmp/rust_mozprofileoSKq25"
1625068744574	Marionette	INFO	Listening on port 37227
1625068744590	Marionette	WARN	TLS certificate errors will be ignored for this session
1625068776762	Marionette	INFO	Stopped listening on port 37227
1625068795947	geckodriver	INFO	Listening on 127.0.0.1:48217
1625068795950	mozrunner::runner	INFO	Running command: "/usr/bin/firefox" "--marionette" "-foreground" "-no-remote" "-profile" "/tmp/rust_mozprofile1iEjEh"
1625068798134	Marionette	INFO	Listening on port 44509
1625068798157	Marionette	WARN	TLS certificate errors will be ignored for this session
1625068803914	Marionette	INFO	Stopped listening on port 44509
1625068816821	geckodriver	INFO	Listening on 127.0.0.1:46229
1625068816824	mozrunner::runner	INFO	Running command: "/usr/bin/firefox" "--marionette" "-foreground" "-no-remote" "-profile" "/tmp/rust_mozprofilekehTz1"
1625068819017	Marionette	INFO	Listening on port 34229
1625068819029	Marionette	WARN	TLS certificate errors will be ignored for this session
1625068830170	Marionette	INFO	Stopped listening on port 34229
1625155176610	geckodriver	INFO	Listening on 127.0.0.1:46271
1625155177565	mozrunner::runner	INFO	Running command: "/usr/bin/firefox" "--marionette" "-foreground" "-no-remote" "-profile" "/tmp/rust_mozprofileVnIm9h"
1625155180241	Marionette	INFO	Listening on port 34783
1625155180288	Marionette	WARN	TLS certificate errors will be ignored for this session
1625155208117	Marionette	INFO	Stopped listening on port 34783
1625155242647	geckodriver	INFO	Listening on 127.0.0.1:50453
1625155242650	mozrunner::runner	INFO	Running command: "/usr/bin/firefox" "--marionette" "-foreground" "-no-remote" "-profile" "/tmp/rust_mozprofile5yjI3c"
1625155244712	Marionette	INFO	Listening on port 40519
1625155244795	Marionette	WARN	TLS certificate errors will be ignored for this session
1625155258543	geckodriver	INFO	Listening on 127.0.0.1:57317
1625155258545	mozrunner::runner	INFO	Running command: "/usr/bin/firefox" "--marionette" "-foreground" "-no-remote" "-profile" "/tmp/rust_mozprofilerQm7x4"
1625155260627	Marionette	INFO	Listening on port 34659
1625155260650	Marionette	WARN	TLS certificate errors will be ignored for this session
1625155283748	Marionette	INFO	Stopped listening on port 34659
1625155321423	Marionette	INFO	Stopped listening on port 40519
1625156666029	geckodriver	INFO	Listening on 127.0.0.1:47243
1625156666032	mozrunner::runner	INFO	Running command: "/usr/bin/firefox" "--marionette" "-foreground" "-no-remote" "-profile" "/tmp/rust_mozprofilebWI64V"
1625156668076	Marionette	INFO	Listening on port 41871
1625156668144	Marionette	WARN	TLS certificate errors will be ignored for this session
1625156675988	geckodriver	INFO	Listening on 127.0.0.1:56405
1625156675991	mozrunner::runner	INFO	Running command: "/usr/bin/firefox" "--marionette" "-foreground" "-no-remote" "-profile" "/tmp/rust_mozprofile8FgVkt"
1625156678197	Marionette	INFO	Listening on port 33095
1625156678296	Marionette	WARN	TLS certificate errors will be ignored for this session
1625156691959	Marionette	INFO	Stopped listening on port 33095
1625156868324	Marionette	INFO	Stopped listening on port 41871
1625156913138	geckodriver	INFO	Listening on 127.0.0.1:32965
1625156913141	mozrunner::runner	INFO	Running command: "/usr/bin/firefox" "--marionette" "-foreground" "-no-remote" "-profile" "/tmp/rust_mozprofiled8XbKp"
1625156915251	Marionette	INFO	Listening on port 39775
1625156915348	Marionette	WARN	TLS certificate errors will be ignored for this session
1625156923007	geckodriver	INFO	Listening on 127.0.0.1:35317
1625156923010	mozrunner::runner	INFO	Running command: "/usr/bin/firefox" "--marionette" "-foreground" "-no-remote" "-profile" "/tmp/rust_mozprofileRsbJXJ"
1625156925156	Marionette	INFO	Listening on port 45651
1625156925215	Marionette	WARN	TLS certificate errors will be ignored for this session
1625156937326	Marionette	INFO	Stopped listening on port 45651

###!!! [Parent][MessageChannel] Error: (msgtype=0xB000D,name=PBackgroundIDBDatabase::Msg_Invalidate) Channel error: cannot send/recv


###!!! [Parent][MessageChannel] Error: (msgtype=0xB000E,name=PBackgroundIDBDatabase::Msg_CloseAfterInvalidationComplete) Channel error: cannot send/recv

1625156947943	Marionette	INFO	Stopped listening on port 39775
1625497712985	geckodriver	INFO	Listening on 127.0.0.1:45409
1625497713944	mozrunner::runner	INFO	Running command: "/usr/bin/firefox" "--marionette" "-foreground" "-no-remote" "-profile" "/tmp/rust_mozprofile5akFyO"
1625497716394	Marionette	INFO	Listening on port 46003
1625497716463	Marionette	WARN	TLS certificate errors will be ignored for this session
1625497724399	geckodriver	INFO	Listening on 127.0.0.1:48621
1625497724423	mozrunner::runner	INFO	Running command: "/usr/bin/firefox" "--marionette" "-foreground" "-no-remote" "-profile" "/tmp/rust_mozprofileqWeivP"
1625497726577	Marionette	INFO	Listening on port 44153
1625497726630	Marionette	WARN	TLS certificate errors will be ignored for this session
1625497738806	Marionette	INFO	Stopped listening on port 44153
1625497784264	Marionette	INFO	Stopped listening on port 46003
1625497826237	geckodriver	INFO	Listening on 127.0.0.1:60929
1625497826240	mozrunner::runner	INFO	Running command: "/usr/bin/firefox" "--marionette" "-foreground" "-no-remote" "-profile" "/tmp/rust_mozprofileUCJFoY"
1625497828292	Marionette	INFO	Listening on port 42531
1625497828358	Marionette	WARN	TLS certificate errors will be ignored for this session
1625497836122	geckodriver	INFO	Listening on 127.0.0.1:36143
1625497836125	mozrunner::runner	INFO	Running command: "/usr/bin/firefox" "--marionette" "-foreground" "-no-remote" "-profile" "/tmp/rust_mozprofile4sSZrS"
1625497838234	Marionette	INFO	Listening on port 33249
1625497838331	Marionette	WARN	TLS certificate errors will be ignored for this session
1625497850441	Marionette	INFO	Stopped listening on port 33249
1625497874384	Marionette	INFO	Stopped listening on port 42531
